<?xml version="1.0" encoding="UTF-8"?>
<!-- Generated by org.testng.reporters.JUnitReportReporter -->
<testsuite hostname="DESKTOP-2G7LAAN" failures="0" tests="1" name="variousConcepts.LoginTest" time="8.393" errors="0" timestamp="2023-07-10T22:09:08 CST" skipped="0">
  <testcase classname="variousConcepts.LoginTest" name="addCustomer" time="8.393"/>
</testsuite> <!-- variousConcepts.LoginTest -->
